[2021-09-10 19:06:59] local.INFO: array (
  'api' => 'https://projectsapi.zoho.com/restapi/portal/36249008/projects/685798000000030005/tasks/',
  'index' => 200,
  'message' => 'NO CONTENT',
)  
[2021-09-10 19:07:02] local.INFO: array (
  'api' => 'https://projectsapi.zoho.com/restapi/portal/36249008/projects/685798000000030005/bugs/',
  'index' => 0,
  'message' => 'NO CONTENT',
)  
[2021-09-10 19:10:40] local.INFO: array (
  'api' => 'https://projectsapi.zoho.com/restapi/portal/36249008/projects/685798000000709021/tasks/',
  'index' => 200,
  'message' => 'NO CONTENT',
)  
[2021-09-10 19:10:42] local.INFO: array (
  'api' => 'https://projectsapi.zoho.com/restapi/portal/36249008/projects/685798000000709021/bugs/',
  'index' => 0,
  'message' => 'NO CONTENT',
)  
[2021-09-10 19:11:25] local.INFO: array (
  'api' => 'https://projectsapi.zoho.com/restapi/portal/36249008/projects/685798000014486855/tasks/',
  'index' => 200,
  'message' => 'NO CONTENT',
)  
[2021-09-10 19:11:29] local.INFO: array (
  'api' => 'https://projectsapi.zoho.com/restapi/portal/36249008/projects/685798000014486855/bugs/',
  'index' => 200,
  'message' => 'NO CONTENT',
)  
[2021-09-10 19:12:32] local.INFO: array (
  'api' => 'https://projectsapi.zoho.com/restapi/portal/36249008/projects/685798000010285053/tasks/',
  'index' => 200,
  'message' => 'NO CONTENT',
)  
[2021-09-10 19:12:34] local.INFO: array (
  'api' => 'https://projectsapi.zoho.com/restapi/portal/36249008/projects/685798000010285053/bugs/',
  'index' => 200,
  'message' => 'NO CONTENT',
)  
