[2021-09-09 19:55:19] local.INFO: https://projectsapi.zoho.com/restapi/portal/36249008/projects/685798000009509070/tasks/  
[2021-09-09 20:20:37] local.INFO: NO CONTENT  
[2021-09-09 20:21:22] local.INFO: NO CONTENT  
[2021-09-09 20:22:33] local.INFO: NO CONTENT  
[2021-09-09 20:24:15] local.INFO: NO CONTENT  
[2021-09-09 20:24:31] local.INFO: NO CONTENT  
[2021-09-09 20:43:17] local.ERROR: array (
  'api' => 'https://projectsapi.zoho.com/restapi/portal/36249008/projects/685798000003106033/tasks/',
  'response' => '{"error":{"code":6401,"message":"Invalid OAuth access token."}}',
  'message' => 'FAILED',
)  
[2021-09-09 20:44:57] local.ERROR: array (
  'api' => 'https://projectsapi.zoho.com/restapi/portal/36249008/projects/685798000009711331/tasks/',
  'response' => '{"error":{"code":6401,"message":"Invalid OAuth access token."}}',
  'message' => 'FAILED',
)  
[2021-09-09 20:45:40] local.ERROR: array (
  'api' => 'https://projectsapi.zoho.com/restapi/portal/36249008/projects/685798000010708557/tasks/',
  'response' => '{"error":{"code":6401,"message":"Invalid OAuth access token."}}',
  'message' => 'FAILED',
)  
[2021-09-09 20:46:10] local.ERROR: array (
  'api' => 'https://projectsapi.zoho.com/restapi/portal/36249008/projects/685798000003106033/tasks/',
  'response' => '{"error":{"code":6401,"message":"Invalid OAuth access token."}}',
  'message' => 'FAILED',
)  
[2021-09-09 20:47:35] local.INFO: array (
  'api' => 'https://projectsapi.zoho.com/restapi/portal/36249008/projects/685798000008950055/tasks/',
  'index' => 400,
  'message' => 'NO CONTENT',
)  
