[2021-09-17 18:02:18] local.ERROR: Return value of App\Zoho\TaskSyncer::isCallable() must be of the type bool, none returned {"userId":1,"exception":"[object] (TypeError(code: 0): Return value of App\\Zoho\\TaskSyncer::isCallable() must be of the type bool, none returned at /var/www/html/versity/work/zoho-connect/app/Zoho/TaskSyncer.php:30)
[stacktrace]
#0 /var/www/html/versity/work/zoho-connect/app/Zoho/ZohoDataSyncer.php(35): App\\Zoho\\TaskSyncer->isCallable()
#1 /var/www/html/versity/work/zoho-connect/routes/web.php(43): App\\Zoho\\ZohoDataSyncer->call()
#2 /var/www/html/versity/work/zoho-connect/vendor/laravel/framework/src/Illuminate/Routing/Route.php(230): Illuminate\\Routing\\RouteFileRegistrar->{closure}()
#3 /var/www/html/versity/work/zoho-connect/vendor/laravel/framework/src/Illuminate/Routing/Route.php(200): Illuminate\\Routing\\Route->runCallable()
#4 /var/www/html/versity/work/zoho-connect/vendor/laravel/framework/src/Illuminate/Routing/Router.php(695): Illuminate\\Routing\\Route->run()
#5 /var/www/html/versity/work/zoho-connect/vendor/laravel/framework/src/Illuminate/Pipeline/Pipeline.php(128): Illuminate\\Routing\\Router->Illuminate\\Routing\\{closure}()
#6 /var/www/html/versity/work/zoho-connect/vendor/laravel/framework/src/Illuminate/Routing/Middleware/SubstituteBindings.php(50): Illuminate\\Pipeline\\Pipeline->Illuminate\\Pipeline\\{closure}()
#7 /var/www/html/versity/work/zoho-connect/vendor/laravel/framework/src/Illuminate/Pipeline/Pipeline.php(167): Illuminate\\Routing\\Middleware\\SubstituteBindings->handle()
#8 /var/www/html/versity/work/zoho-connect/vendor/laravel/framework/src/Illuminate/Foundation/Http/Middleware/VerifyCsrfToken.php(78): Illuminate\\Pipeline\\Pipeline->Illuminate\\Pipeline\\{closure}()
#9 /var/www/html/versity/work/zoho-connect/vendor/laravel/framework/src/Illuminate/Pipeline/Pipeline.php(167): Illuminate\\Foundation\\Http\\Middleware\\VerifyCsrfToken->handle()
#10 /var/www/html/versity/work/zoho-connect/vendor/laravel/framework/src/Illuminate/View/Middleware/ShareErrorsFromSession.php(49): Illuminate\\Pipeline\\Pipeline->Illuminate\\Pipeline\\{closure}()
#11 /var/www/html/versity/work/zoho-connect/vendor/laravel/framework/src/Illuminate/Pipeline/Pipeline.php(167): Illuminate\\View\\Middleware\\ShareErrorsFromSession->handle()
#12 /var/www/html/versity/work/zoho-connect/vendor/laravel/framework/src/Illuminate/Session/Middleware/StartSession.php(121): Illuminate\\Pipeline\\Pipeline->Illuminate\\Pipeline\\{closure}()
#13 /var/www/html/versity/work/zoho-connect/vendor/laravel/framework/src/Illuminate/Session/Middleware/StartSession.php(64): Illuminate\\Session\\Middleware\\StartSession->handleStatefulRequest()
#14 /var/www/html/versity/work/zoho-connect/vendor/laravel/framework/src/Illuminate/Pipeline/Pipeline.php(167): Illuminate\\Session\\Middleware\\StartSession->handle()
#15 /var/www/html/versity/work/zoho-connect/vendor/laravel/framework/src/Illuminate/Cookie/Middleware/AddQueuedCookiesToResponse.php(37): Illuminate\\Pipeline\\Pipeline->Illuminate\\Pipeline\\{closure}()
#16 /var/www/html/versity/work/zoho-connect/vendor/laravel/framework/src/Illuminate/Pipeline/Pipeline.php(167): Illuminate\\Cookie\\Middleware\\AddQueuedCookiesToResponse->handle()
#17 /var/www/html/versity/work/zoho-connect/vendor/laravel/framework/src/Illuminate/Cookie/Middleware/EncryptCookies.php(67): Illuminate\\Pipeline\\Pipeline->Illuminate\\Pipeline\\{closure}()
#18 /var/www/html/versity/work/zoho-connect/vendor/laravel/framework/src/Illuminate/Pipeline/Pipeline.php(167): Illuminate\\Cookie\\Middleware\\EncryptCookies->handle()
#19 /var/www/html/versity/work/zoho-connect/vendor/laravel/framework/src/Illuminate/Pipeline/Pipeline.php(103): Illuminate\\Pipeline\\Pipeline->Illuminate\\Pipeline\\{closure}()
#20 /var/www/html/versity/work/zoho-connect/vendor/laravel/framework/src/Illuminate/Routing/Router.php(697): Illuminate\\Pipeline\\Pipeline->then()
#21 /var/www/html/versity/work/zoho-connect/vendor/laravel/framework/src/Illuminate/Routing/Router.php(672): Illuminate\\Routing\\Router->runRouteWithinStack()
#22 /var/www/html/versity/work/zoho-connect/vendor/laravel/framework/src/Illuminate/Routing/Router.php(636): Illuminate\\Routing\\Router->runRoute()
#23 /var/www/html/versity/work/zoho-connect/vendor/laravel/framework/src/Illuminate/Routing/Router.php(625): Illuminate\\Routing\\Router->dispatchToRoute()
#24 /var/www/html/versity/work/zoho-connect/vendor/laravel/framework/src/Illuminate/Foundation/Http/Kernel.php(166): Illuminate\\Routing\\Router->dispatch()
#25 /var/www/html/versity/work/zoho-connect/vendor/laravel/framework/src/Illuminate/Pipeline/Pipeline.php(128): Illuminate\\Foundation\\Http\\Kernel->Illuminate\\Foundation\\Http\\{closure}()
#26 /var/www/html/versity/work/zoho-connect/vendor/laravel/framework/src/Illuminate/Foundation/Http/Middleware/TransformsRequest.php(21): Illuminate\\Pipeline\\Pipeline->Illuminate\\Pipeline\\{closure}()
#27 /var/www/html/versity/work/zoho-connect/vendor/laravel/framework/src/Illuminate/Foundation/Http/Middleware/ConvertEmptyStringsToNull.php(31): Illuminate\\Foundation\\Http\\Middleware\\TransformsRequest->handle()
#28 /var/www/html/versity/work/zoho-connect/vendor/laravel/framework/src/Illuminate/Pipeline/Pipeline.php(167): Illuminate\\Foundation\\Http\\Middleware\\ConvertEmptyStringsToNull->handle()
#29 /var/www/html/versity/work/zoho-connect/vendor/laravel/framework/src/Illuminate/Foundation/Http/Middleware/TransformsRequest.php(21): Illuminate\\Pipeline\\Pipeline->Illuminate\\Pipeline\\{closure}()
#30 /var/www/html/versity/work/zoho-connect/vendor/laravel/framework/src/Illuminate/Foundation/Http/Middleware/TrimStrings.php(40): Illuminate\\Foundation\\Http\\Middleware\\TransformsRequest->handle()
#31 /var/www/html/versity/work/zoho-connect/vendor/laravel/framework/src/Illuminate/Pipeline/Pipeline.php(167): Illuminate\\Foundation\\Http\\Middleware\\TrimStrings->handle()
#32 /var/www/html/versity/work/zoho-connect/vendor/laravel/framework/src/Illuminate/Foundation/Http/Middleware/ValidatePostSize.php(27): Illuminate\\Pipeline\\Pipeline->Illuminate\\Pipeline\\{closure}()
#33 /var/www/html/versity/work/zoho-connect/vendor/laravel/framework/src/Illuminate/Pipeline/Pipeline.php(167): Illuminate\\Foundation\\Http\\Middleware\\ValidatePostSize->handle()
#34 /var/www/html/versity/work/zoho-connect/vendor/laravel/framework/src/Illuminate/Foundation/Http/Middleware/PreventRequestsDuringMaintenance.php(86): Illuminate\\Pipeline\\Pipeline->Illuminate\\Pipeline\\{closure}()
#35 /var/www/html/versity/work/zoho-connect/vendor/laravel/framework/src/Illuminate/Pipeline/Pipeline.php(167): Illuminate\\Foundation\\Http\\Middleware\\PreventRequestsDuringMaintenance->handle()
#36 /var/www/html/versity/work/zoho-connect/vendor/fruitcake/laravel-cors/src/HandleCors.php(38): Illuminate\\Pipeline\\Pipeline->Illuminate\\Pipeline\\{closure}()
#37 /var/www/html/versity/work/zoho-connect/vendor/laravel/framework/src/Illuminate/Pipeline/Pipeline.php(167): Fruitcake\\Cors\\HandleCors->handle()
#38 /var/www/html/versity/work/zoho-connect/vendor/fideloper/proxy/src/TrustProxies.php(57): Illuminate\\Pipeline\\Pipeline->Illuminate\\Pipeline\\{closure}()
#39 /var/www/html/versity/work/zoho-connect/vendor/laravel/framework/src/Illuminate/Pipeline/Pipeline.php(167): Fideloper\\Proxy\\TrustProxies->handle()
#40 /var/www/html/versity/work/zoho-connect/vendor/laravel/framework/src/Illuminate/Pipeline/Pipeline.php(103): Illuminate\\Pipeline\\Pipeline->Illuminate\\Pipeline\\{closure}()
#41 /var/www/html/versity/work/zoho-connect/vendor/laravel/framework/src/Illuminate/Foundation/Http/Kernel.php(141): Illuminate\\Pipeline\\Pipeline->then()
#42 /var/www/html/versity/work/zoho-connect/vendor/laravel/framework/src/Illuminate/Foundation/Http/Kernel.php(110): Illuminate\\Foundation\\Http\\Kernel->sendRequestThroughRouter()
#43 /var/www/html/versity/work/zoho-connect/public/index.php(52): Illuminate\\Foundation\\Http\\Kernel->handle()
#44 {main}
"} 
[2021-09-17 18:31:56] local.INFO: No Content Found for https://projectsapi.zoho.com/restapi/portal/36249008/projects/685798000000019061/tasks/ on index: 200  
[2021-09-17 18:32:04] local.INFO: No Content Found for https://projectsapi.zoho.com/restapi/portal/36249008/projects/685798000000030005/tasks/ on index: 200  
[2021-09-17 18:32:20] local.INFO: No Content Found for https://projectsapi.zoho.com/restapi/portal/36249008/projects/685798000000709021/tasks/ on index: 200  
[2021-09-17 18:32:45] local.INFO: No Content Found for https://projectsapi.zoho.com/restapi/portal/36249008/projects/685798000003106033/tasks/ on index: 400  
[2021-09-17 18:32:52] local.INFO: No Content Found for https://projectsapi.zoho.com/restapi/portal/36249008/projects/685798000007898029/tasks/ on index: 200  
[2021-09-17 18:33:04] local.INFO: No Content Found for https://projectsapi.zoho.com/restapi/portal/36249008/projects/685798000008321055/tasks/ on index: 200  
[2021-09-17 18:33:45] local.INFO: No Content Found for https://projectsapi.zoho.com/restapi/portal/36249008/projects/685798000008555097/tasks/ on index: 600  
[2021-09-17 18:33:53] local.INFO: No Content Found for https://projectsapi.zoho.com/restapi/portal/36249008/projects/685798000008947041/tasks/ on index: 200  
[2021-09-17 18:34:26] local.INFO: No Content Found for https://projectsapi.zoho.com/restapi/portal/36249008/projects/685798000008950055/tasks/ on index: 400  
[2021-09-17 18:34:35] local.INFO: No Content Found for https://projectsapi.zoho.com/restapi/portal/36249008/projects/685798000008970147/tasks/ on index: 200  
[2021-09-17 18:34:57] local.INFO: No Content Found for https://projectsapi.zoho.com/restapi/portal/36249008/projects/685798000009509070/tasks/ on index: 1000  
[2021-09-17 18:36:37] local.INFO: No Content Found for https://projectsapi.zoho.com/restapi/portal/36249008/projects/685798000009576152/tasks/ on index: 800  
[2021-09-17 18:37:36] local.INFO: No Content Found for https://projectsapi.zoho.com/restapi/portal/36249008/projects/685798000009576256/tasks/ on index: 400  
[2021-09-17 18:39:27] local.INFO: No Content Found for https://projectsapi.zoho.com/restapi/portal/36249008/projects/685798000009576352/tasks/ on index: 1800  
[2021-09-17 18:39:35] local.INFO: No Content Found for https://projectsapi.zoho.com/restapi/portal/36249008/projects/685798000009711331/tasks/ on index: 200  
[2021-09-17 18:39:43] local.INFO: No Content Found for https://projectsapi.zoho.com/restapi/portal/36249008/projects/685798000010285053/tasks/ on index: 200  
[2021-09-17 18:39:50] local.INFO: No Content Found for https://projectsapi.zoho.com/restapi/portal/36249008/projects/685798000010368011/tasks/ on index: 200  
[2021-09-17 18:40:04] local.INFO: No Content Found for https://projectsapi.zoho.com/restapi/portal/36249008/projects/685798000010708557/tasks/ on index: 200  
[2021-09-17 18:40:11] local.INFO: No Content Found for https://projectsapi.zoho.com/restapi/portal/36249008/projects/685798000011069449/tasks/ on index: 200  
[2021-09-17 18:40:20] local.INFO: No Content Found for https://projectsapi.zoho.com/restapi/portal/36249008/projects/685798000011271472/tasks/ on index: 200  
[2021-09-17 18:40:36] local.INFO: No Content Found for https://projectsapi.zoho.com/restapi/portal/36249008/projects/685798000011286643/tasks/ on index: 600  
[2021-09-17 18:41:07] local.INFO: No Content Found for https://projectsapi.zoho.com/restapi/portal/36249008/projects/685798000011352647/tasks/ on index: 200  
[2021-09-17 18:41:17] local.INFO: No Content Found for https://projectsapi.zoho.com/restapi/portal/36249008/projects/685798000011442377/tasks/ on index: 200  
[2021-09-17 18:41:26] local.INFO: No Content Found for https://projectsapi.zoho.com/restapi/portal/36249008/projects/685798000011610193/tasks/ on index: 200  
[2021-09-17 18:41:36] local.INFO: No Content Found for https://projectsapi.zoho.com/restapi/portal/36249008/projects/685798000011625054/tasks/ on index: 200  
[2021-09-17 18:41:44] local.INFO: No Content Found for https://projectsapi.zoho.com/restapi/portal/36249008/projects/685798000012416277/tasks/ on index: 200  
[2021-09-17 18:41:54] local.INFO: No Content Found for https://projectsapi.zoho.com/restapi/portal/36249008/projects/685798000012632230/tasks/ on index: 200  
[2021-09-17 18:42:03] local.INFO: No Content Found for https://projectsapi.zoho.com/restapi/portal/36249008/projects/685798000012966081/tasks/ on index: 200  
[2021-09-17 18:42:11] local.INFO: No Content Found for https://projectsapi.zoho.com/restapi/portal/36249008/projects/685798000013322790/tasks/ on index: 200  
[2021-09-17 18:42:21] local.INFO: No Content Found for https://projectsapi.zoho.com/restapi/portal/36249008/projects/685798000013771927/tasks/ on index: 200  
[2021-09-17 18:42:37] local.INFO: No Content Found for https://projectsapi.zoho.com/restapi/portal/36249008/projects/685798000013771953/tasks/ on index: 200  
[2021-09-17 18:42:45] local.INFO: No Content Found for https://projectsapi.zoho.com/restapi/portal/36249008/projects/685798000013849530/tasks/ on index: 200  
[2021-09-17 18:42:53] local.INFO: No Content Found for https://projectsapi.zoho.com/restapi/portal/36249008/projects/685798000013981613/tasks/ on index: 200  
[2021-09-17 18:43:02] local.INFO: No Content Found for https://projectsapi.zoho.com/restapi/portal/36249008/projects/685798000014166234/tasks/ on index: 200  
[2021-09-17 18:43:11] local.INFO: No Content Found for https://projectsapi.zoho.com/restapi/portal/36249008/projects/685798000014397302/tasks/ on index: 200  
[2021-09-17 18:43:19] local.INFO: No Content Found for https://projectsapi.zoho.com/restapi/portal/36249008/projects/685798000014486855/tasks/ on index: 200  
[2021-09-17 18:43:28] local.INFO: No Content Found for https://projectsapi.zoho.com/restapi/portal/36249008/projects/685798000014531095/tasks/ on index: 200  
[2021-09-17 18:43:43] local.INFO: No Content Found for https://projectsapi.zoho.com/restapi/portal/36249008/projects/685798000014743071/tasks/ on index: 200  
[2021-09-17 18:43:51] local.INFO: No Content Found for https://projectsapi.zoho.com/restapi/portal/36249008/projects/685798000014870707/tasks/ on index: 200  
[2021-09-17 18:44:00] local.INFO: No Content Found for https://projectsapi.zoho.com/restapi/portal/36249008/projects/685798000014898171/tasks/ on index: 200  
[2021-09-17 18:44:11] local.INFO: No Content Found for https://projectsapi.zoho.com/restapi/portal/36249008/projects/685798000014898221/tasks/ on index: 200  
[2021-09-17 18:44:20] local.INFO: No Content Found for https://projectsapi.zoho.com/restapi/portal/36249008/projects/685798000014899101/tasks/ on index: 200  
[2021-09-17 18:44:29] local.INFO: No Content Found for https://projectsapi.zoho.com/restapi/portal/36249008/projects/685798000015081005/tasks/ on index: 200  
[2021-09-17 19:01:47] local.INFO: No Content Found for https://projectsapi.zoho.com/restapi/portal/36249008/projects/685798000000019061/tasks/ on index: 200  
[2021-09-17 19:02:31] local.INFO: No Content Found for https://projectsapi.zoho.com/restapi/portal/36249008/projects/685798000000030005/tasks/ on index: 200  
[2021-09-17 19:03:42] local.INFO: No Content Found for https://projectsapi.zoho.com/restapi/portal/36249008/projects/685798000000019061/tasks/ on index: 200  
[2021-09-17 19:03:52] local.INFO: No Content Found for https://projectsapi.zoho.com/restapi/portal/36249008/projects/685798000000019061/tasks/ on index: 200  
[2021-09-17 19:04:22] local.INFO: No Content Found for https://projectsapi.zoho.com/restapi/portal/36249008/projects/685798000000030005/tasks/ on index: 200  
[2021-09-17 19:04:25] local.INFO: No Content Found for https://projectsapi.zoho.com/restapi/portal/36249008/projects/685798000000030005/tasks/ on index: 200  
[2021-09-17 19:04:34] local.INFO: No Content Found for https://projectsapi.zoho.com/restapi/portal/36249008/projects/685798000000709021/tasks/ on index: 200  
[2021-09-17 19:04:39] local.INFO: No Content Found for https://projectsapi.zoho.com/restapi/portal/36249008/projects/685798000000709021/tasks/ on index: 200  
[2021-09-17 19:05:10] local.ERROR: App\Jobs\SyncTaskJob has been attempted too many times or run too long. The job may have previously timed out. {"exception":"[object] (Illuminate\\Queue\\MaxAttemptsExceededException(code: 0): App\\Jobs\\SyncTaskJob has been attempted too many times or run too long. The job may have previously timed out. at /var/www/html/versity/work/zoho-connect/vendor/laravel/framework/src/Illuminate/Queue/Worker.php:750)
[stacktrace]
#0 /var/www/html/versity/work/zoho-connect/vendor/laravel/framework/src/Illuminate/Queue/Worker.php(504): Illuminate\\Queue\\Worker->maxAttemptsExceededException()
#1 /var/www/html/versity/work/zoho-connect/vendor/laravel/framework/src/Illuminate/Queue/Worker.php(418): Illuminate\\Queue\\Worker->markJobAsFailedIfAlreadyExceedsMaxAttempts()
#2 /var/www/html/versity/work/zoho-connect/vendor/laravel/framework/src/Illuminate/Queue/Worker.php(378): Illuminate\\Queue\\Worker->process()
#3 /var/www/html/versity/work/zoho-connect/vendor/laravel/framework/src/Illuminate/Queue/Worker.php(172): Illuminate\\Queue\\Worker->runJob()
#4 /var/www/html/versity/work/zoho-connect/vendor/laravel/framework/src/Illuminate/Queue/Console/WorkCommand.php(117): Illuminate\\Queue\\Worker->daemon()
#5 /var/www/html/versity/work/zoho-connect/vendor/laravel/framework/src/Illuminate/Queue/Console/WorkCommand.php(101): Illuminate\\Queue\\Console\\WorkCommand->runWorker()
#6 /var/www/html/versity/work/zoho-connect/vendor/laravel/horizon/src/Console/WorkCommand.php(51): Illuminate\\Queue\\Console\\WorkCommand->handle()
#7 /var/www/html/versity/work/zoho-connect/vendor/laravel/framework/src/Illuminate/Container/BoundMethod.php(36): Laravel\\Horizon\\Console\\WorkCommand->handle()
#8 /var/www/html/versity/work/zoho-connect/vendor/laravel/framework/src/Illuminate/Container/Util.php(40): Illuminate\\Container\\BoundMethod::Illuminate\\Container\\{closure}()
#9 /var/www/html/versity/work/zoho-connect/vendor/laravel/framework/src/Illuminate/Container/BoundMethod.php(93): Illuminate\\Container\\Util::unwrapIfClosure()
#10 /var/www/html/versity/work/zoho-connect/vendor/laravel/framework/src/Illuminate/Container/BoundMethod.php(37): Illuminate\\Container\\BoundMethod::callBoundMethod()
#11 /var/www/html/versity/work/zoho-connect/vendor/laravel/framework/src/Illuminate/Container/Container.php(651): Illuminate\\Container\\BoundMethod::call()
#12 /var/www/html/versity/work/zoho-connect/vendor/laravel/framework/src/Illuminate/Console/Command.php(136): Illuminate\\Container\\Container->call()
#13 /var/www/html/versity/work/zoho-connect/vendor/symfony/console/Command/Command.php(299): Illuminate\\Console\\Command->execute()
#14 /var/www/html/versity/work/zoho-connect/vendor/laravel/framework/src/Illuminate/Console/Command.php(121): Symfony\\Component\\Console\\Command\\Command->run()
#15 /var/www/html/versity/work/zoho-connect/vendor/symfony/console/Application.php(978): Illuminate\\Console\\Command->run()
#16 /var/www/html/versity/work/zoho-connect/vendor/symfony/console/Application.php(295): Symfony\\Component\\Console\\Application->doRunCommand()
#17 /var/www/html/versity/work/zoho-connect/vendor/symfony/console/Application.php(167): Symfony\\Component\\Console\\Application->doRun()
#18 /var/www/html/versity/work/zoho-connect/vendor/laravel/framework/src/Illuminate/Console/Application.php(92): Symfony\\Component\\Console\\Application->run()
#19 /var/www/html/versity/work/zoho-connect/vendor/laravel/framework/src/Illuminate/Foundation/Console/Kernel.php(129): Illuminate\\Console\\Application->run()
#20 /var/www/html/versity/work/zoho-connect/artisan(37): Illuminate\\Foundation\\Console\\Kernel->handle()
#21 {main}
"} 
[2021-09-17 19:05:43] local.INFO: No Content Found for https://projectsapi.zoho.com/restapi/portal/36249008/projects/685798000003106033/tasks/ on index: 400  
[2021-09-17 19:05:51] local.INFO: No Content Found for https://projectsapi.zoho.com/restapi/portal/36249008/projects/685798000007898029/tasks/ on index: 200  
[2021-09-17 19:06:02] local.INFO: No Content Found for https://projectsapi.zoho.com/restapi/portal/36249008/projects/685798000008321055/tasks/ on index: 200  
[2021-09-17 19:06:39] local.ERROR: There are no commands defined in the "optimization" namespace. {"exception":"[object] (Symfony\\Component\\Console\\Exception\\NamespaceNotFoundException(code: 0): There are no commands defined in the \"optimization\" namespace. at /var/www/html/versity/work/zoho-connect/vendor/symfony/console/Application.php:612)
[stacktrace]
#0 /var/www/html/versity/work/zoho-connect/vendor/symfony/console/Application.php(663): Symfony\\Component\\Console\\Application->findNamespace()
#1 /var/www/html/versity/work/zoho-connect/vendor/symfony/console/Application.php(255): Symfony\\Component\\Console\\Application->find()
#2 /var/www/html/versity/work/zoho-connect/vendor/symfony/console/Application.php(167): Symfony\\Component\\Console\\Application->doRun()
#3 /var/www/html/versity/work/zoho-connect/vendor/laravel/framework/src/Illuminate/Console/Application.php(92): Symfony\\Component\\Console\\Application->run()
#4 /var/www/html/versity/work/zoho-connect/vendor/laravel/framework/src/Illuminate/Foundation/Console/Kernel.php(129): Illuminate\\Console\\Application->run()
#5 /var/www/html/versity/work/zoho-connect/artisan(37): Illuminate\\Foundation\\Console\\Kernel->handle()
#6 {main}
"} 
[2021-09-17 19:07:02] local.INFO: No Content Found for https://projectsapi.zoho.com/restapi/portal/36249008/projects/685798000008555097/tasks/ on index: 600  
[2021-09-17 19:07:10] local.INFO: No Content Found for https://projectsapi.zoho.com/restapi/portal/36249008/projects/685798000008947041/tasks/ on index: 200  
[2021-09-17 19:07:28] local.INFO: No Content Found for https://projectsapi.zoho.com/restapi/portal/36249008/projects/685798000008950055/tasks/ on index: 400  
[2021-09-17 19:07:58] local.INFO: No Content Found for https://projectsapi.zoho.com/restapi/portal/36249008/projects/685798000008970147/tasks/ on index: 200  
[2021-09-17 19:08:25] local.INFO: No Content Found for https://projectsapi.zoho.com/restapi/portal/36249008/projects/685798000009509070/tasks/ on index: 1000  
[2021-09-17 19:09:41] local.INFO: No Content Found for https://projectsapi.zoho.com/restapi/portal/36249008/projects/685798000009576152/tasks/ on index: 800  
[2021-09-17 19:10:23] local.ERROR: App\Jobs\CreateOrUpdateTaskJob has been attempted too many times or run too long. The job may have previously timed out. {"exception":"[object] (Illuminate\\Queue\\MaxAttemptsExceededException(code: 0): App\\Jobs\\CreateOrUpdateTaskJob has been attempted too many times or run too long. The job may have previously timed out. at /var/www/html/versity/work/zoho-connect/vendor/laravel/framework/src/Illuminate/Queue/Worker.php:750)
[stacktrace]
#0 /var/www/html/versity/work/zoho-connect/vendor/laravel/framework/src/Illuminate/Queue/Worker.php(504): Illuminate\\Queue\\Worker->maxAttemptsExceededException()
#1 /var/www/html/versity/work/zoho-connect/vendor/laravel/framework/src/Illuminate/Queue/Worker.php(418): Illuminate\\Queue\\Worker->markJobAsFailedIfAlreadyExceedsMaxAttempts()
#2 /var/www/html/versity/work/zoho-connect/vendor/laravel/framework/src/Illuminate/Queue/Worker.php(378): Illuminate\\Queue\\Worker->process()
#3 /var/www/html/versity/work/zoho-connect/vendor/laravel/framework/src/Illuminate/Queue/Worker.php(172): Illuminate\\Queue\\Worker->runJob()
#4 /var/www/html/versity/work/zoho-connect/vendor/laravel/framework/src/Illuminate/Queue/Console/WorkCommand.php(117): Illuminate\\Queue\\Worker->daemon()
#5 /var/www/html/versity/work/zoho-connect/vendor/laravel/framework/src/Illuminate/Queue/Console/WorkCommand.php(101): Illuminate\\Queue\\Console\\WorkCommand->runWorker()
#6 /var/www/html/versity/work/zoho-connect/vendor/laravel/horizon/src/Console/WorkCommand.php(51): Illuminate\\Queue\\Console\\WorkCommand->handle()
#7 /var/www/html/versity/work/zoho-connect/vendor/laravel/framework/src/Illuminate/Container/BoundMethod.php(36): Laravel\\Horizon\\Console\\WorkCommand->handle()
#8 /var/www/html/versity/work/zoho-connect/vendor/laravel/framework/src/Illuminate/Container/Util.php(40): Illuminate\\Container\\BoundMethod::Illuminate\\Container\\{closure}()
#9 /var/www/html/versity/work/zoho-connect/vendor/laravel/framework/src/Illuminate/Container/BoundMethod.php(93): Illuminate\\Container\\Util::unwrapIfClosure()
#10 /var/www/html/versity/work/zoho-connect/vendor/laravel/framework/src/Illuminate/Container/BoundMethod.php(37): Illuminate\\Container\\BoundMethod::callBoundMethod()
#11 /var/www/html/versity/work/zoho-connect/vendor/laravel/framework/src/Illuminate/Container/Container.php(651): Illuminate\\Container\\BoundMethod::call()
#12 /var/www/html/versity/work/zoho-connect/vendor/laravel/framework/src/Illuminate/Console/Command.php(136): Illuminate\\Container\\Container->call()
#13 /var/www/html/versity/work/zoho-connect/vendor/symfony/console/Command/Command.php(299): Illuminate\\Console\\Command->execute()
#14 /var/www/html/versity/work/zoho-connect/vendor/laravel/framework/src/Illuminate/Console/Command.php(121): Symfony\\Component\\Console\\Command\\Command->run()
#15 /var/www/html/versity/work/zoho-connect/vendor/symfony/console/Application.php(978): Illuminate\\Console\\Command->run()
#16 /var/www/html/versity/work/zoho-connect/vendor/symfony/console/Application.php(295): Symfony\\Component\\Console\\Application->doRunCommand()
#17 /var/www/html/versity/work/zoho-connect/vendor/symfony/console/Application.php(167): Symfony\\Component\\Console\\Application->doRun()
#18 /var/www/html/versity/work/zoho-connect/vendor/laravel/framework/src/Illuminate/Console/Application.php(92): Symfony\\Component\\Console\\Application->run()
#19 /var/www/html/versity/work/zoho-connect/vendor/laravel/framework/src/Illuminate/Foundation/Console/Kernel.php(129): Illuminate\\Console\\Application->run()
#20 /var/www/html/versity/work/zoho-connect/artisan(37): Illuminate\\Foundation\\Console\\Kernel->handle()
#21 {main}
"} 
[2021-09-17 19:10:49] local.INFO: No Content Found for https://projectsapi.zoho.com/restapi/portal/36249008/projects/685798000000019061/tasks/ on index: 200  
[2021-09-17 19:10:52] local.INFO: No Content Found for https://projectsapi.zoho.com/restapi/portal/36249008/projects/685798000000019061/tasks/ on index: 200  
[2021-09-17 19:10:58] local.INFO: No Content Found for https://projectsapi.zoho.com/restapi/portal/36249008/projects/685798000000030005/tasks/ on index: 200  
[2021-09-17 19:11:01] local.INFO: No Content Found for https://projectsapi.zoho.com/restapi/portal/36249008/projects/685798000000030005/tasks/ on index: 200  
[2021-09-17 19:11:08] local.INFO: No Content Found for https://projectsapi.zoho.com/restapi/portal/36249008/projects/685798000000709021/tasks/ on index: 200  
[2021-09-17 19:11:12] local.INFO: No Content Found for https://projectsapi.zoho.com/restapi/portal/36249008/projects/685798000000709021/tasks/ on index: 200  
[2021-09-17 19:11:21] local.INFO: No Content Found for https://projectsapi.zoho.com/restapi/portal/36249008/projects/685798000003106033/tasks/ on index: 400  
[2021-09-17 19:11:33] local.INFO: No Content Found for https://projectsapi.zoho.com/restapi/portal/36249008/projects/685798000007898029/tasks/ on index: 200  
[2021-09-17 19:11:35] local.INFO: No Content Found for https://projectsapi.zoho.com/restapi/portal/36249008/projects/685798000003106033/tasks/ on index: 400  
[2021-09-17 19:11:43] local.INFO: No Content Found for https://projectsapi.zoho.com/restapi/portal/36249008/projects/685798000007898029/tasks/ on index: 200  
[2021-09-17 19:17:57] local.INFO: No Content Found for https://projectsapi.zoho.com/restapi/portal/36249008/projects/685798000000019061/tasks/ on index: 200  
[2021-09-17 19:18:08] local.INFO: No Content Found for https://projectsapi.zoho.com/restapi/portal/36249008/projects/685798000000030005/tasks/ on index: 200  
[2021-09-17 19:18:16] local.INFO: No Content Found for https://projectsapi.zoho.com/restapi/portal/36249008/projects/685798000000709021/tasks/ on index: 200  
[2021-09-17 19:18:35] local.INFO: No Content Found for https://projectsapi.zoho.com/restapi/portal/36249008/projects/685798000003106033/tasks/ on index: 400  
[2021-09-17 19:18:43] local.INFO: No Content Found for https://projectsapi.zoho.com/restapi/portal/36249008/projects/685798000007898029/tasks/ on index: 200  
[2021-09-17 19:18:53] local.INFO: No Content Found for https://projectsapi.zoho.com/restapi/portal/36249008/projects/685798000008321055/tasks/ on index: 200  
[2021-09-17 19:19:26] local.ERROR: App\Jobs\SyncTaskJob has been attempted too many times or run too long. The job may have previously timed out. {"exception":"[object] (Illuminate\\Queue\\MaxAttemptsExceededException(code: 0): App\\Jobs\\SyncTaskJob has been attempted too many times or run too long. The job may have previously timed out. at /var/www/html/versity/work/zoho-connect/vendor/laravel/framework/src/Illuminate/Queue/Worker.php:750)
[stacktrace]
#0 /var/www/html/versity/work/zoho-connect/vendor/laravel/framework/src/Illuminate/Queue/Worker.php(504): Illuminate\\Queue\\Worker->maxAttemptsExceededException()
#1 /var/www/html/versity/work/zoho-connect/vendor/laravel/framework/src/Illuminate/Queue/Worker.php(418): Illuminate\\Queue\\Worker->markJobAsFailedIfAlreadyExceedsMaxAttempts()
#2 /var/www/html/versity/work/zoho-connect/vendor/laravel/framework/src/Illuminate/Queue/Worker.php(378): Illuminate\\Queue\\Worker->process()
#3 /var/www/html/versity/work/zoho-connect/vendor/laravel/framework/src/Illuminate/Queue/Worker.php(329): Illuminate\\Queue\\Worker->runJob()
#4 /var/www/html/versity/work/zoho-connect/vendor/laravel/framework/src/Illuminate/Queue/Console/WorkCommand.php(117): Illuminate\\Queue\\Worker->runNextJob()
#5 /var/www/html/versity/work/zoho-connect/vendor/laravel/framework/src/Illuminate/Queue/Console/WorkCommand.php(101): Illuminate\\Queue\\Console\\WorkCommand->runWorker()
#6 /var/www/html/versity/work/zoho-connect/vendor/laravel/framework/src/Illuminate/Container/BoundMethod.php(36): Illuminate\\Queue\\Console\\WorkCommand->handle()
#7 /var/www/html/versity/work/zoho-connect/vendor/laravel/framework/src/Illuminate/Container/Util.php(40): Illuminate\\Container\\BoundMethod::Illuminate\\Container\\{closure}()
#8 /var/www/html/versity/work/zoho-connect/vendor/laravel/framework/src/Illuminate/Container/BoundMethod.php(93): Illuminate\\Container\\Util::unwrapIfClosure()
#9 /var/www/html/versity/work/zoho-connect/vendor/laravel/framework/src/Illuminate/Container/BoundMethod.php(37): Illuminate\\Container\\BoundMethod::callBoundMethod()
#10 /var/www/html/versity/work/zoho-connect/vendor/laravel/framework/src/Illuminate/Container/Container.php(651): Illuminate\\Container\\BoundMethod::call()
#11 /var/www/html/versity/work/zoho-connect/vendor/laravel/framework/src/Illuminate/Console/Command.php(136): Illuminate\\Container\\Container->call()
#12 /var/www/html/versity/work/zoho-connect/vendor/symfony/console/Command/Command.php(299): Illuminate\\Console\\Command->execute()
#13 /var/www/html/versity/work/zoho-connect/vendor/laravel/framework/src/Illuminate/Console/Command.php(121): Symfony\\Component\\Console\\Command\\Command->run()
#14 /var/www/html/versity/work/zoho-connect/vendor/symfony/console/Application.php(978): Illuminate\\Console\\Command->run()
#15 /var/www/html/versity/work/zoho-connect/vendor/symfony/console/Application.php(295): Symfony\\Component\\Console\\Application->doRunCommand()
#16 /var/www/html/versity/work/zoho-connect/vendor/symfony/console/Application.php(167): Symfony\\Component\\Console\\Application->doRun()
#17 /var/www/html/versity/work/zoho-connect/vendor/laravel/framework/src/Illuminate/Console/Application.php(92): Symfony\\Component\\Console\\Application->run()
#18 /var/www/html/versity/work/zoho-connect/vendor/laravel/framework/src/Illuminate/Foundation/Console/Kernel.php(129): Illuminate\\Console\\Application->run()
#19 /var/www/html/versity/work/zoho-connect/artisan(37): Illuminate\\Foundation\\Console\\Kernel->handle()
#20 {main}
"} 
